<?xml version="1.0" encoding="UTF-8"?>
<!-- Generated by org.testng.reporters.JUnitReportReporter -->
<testsuite hostname="Swathi-Dell-Windows" failures="0" tests="1" name="Testngpgm11.test101" time="52.289" errors="0" timestamp="10 Jun 2020 23:36:26 GMT">
  <testcase classname="Testngpgm11.test101" name="f" time="52.289"/>
</testsuite> <!-- Testngpgm11.test101 -->
